<?xml version="1.0" encoding="UTF-8"?>
<!-- Generated by org.testng.reporters.JUnitReportReporter -->
<testsuite hostname="L-INE-FZR4PL3" failures="0" tests="1" name="TestClass.TC1_User_Registration" time="1.322" errors="0" timestamp="2025-02-02T13:57:25 IST" skipped="0">
  <testcase classname="TestClass.TC1_User_Registration" name="Registration" time="1.322"/>
  <system-out/>
</testsuite> <!-- TestClass.TC1_User_Registration -->
